<?xml version="1.0" encoding="UTF-8"?>
<testng-results skipped="0" failed="0" ignored="0" total="2" passed="2">
  <reporter-output>
  </reporter-output>
  <suite name="home.crypto.AppTest" duration-ms="1576" started-at="2017-10-19T16:29:09Z" finished-at="2017-10-19T16:29:11Z">
    <groups>
    </groups>
    <test name="Command line test" duration-ms="1576" started-at="2017-10-19T16:29:09Z" finished-at="2017-10-19T16:29:11Z">
      <class name="home.crypto.AppTest">
        <test-method status="PASS" signature="setUp()[pri:0, instance:home.crypto.AppTest@67b64c45]" name="setUp" is-config="true" duration-ms="152" started-at="2017-10-19T19:29:09Z" finished-at="2017-10-19T19:29:10Z">
          <reporter-output>
          </reporter-output>
        </test-method> <!-- setUp -->
        <test-method status="PASS" signature="enterTest([Ljava.lang.String;)[pri:0, instance:home.crypto.AppTest@67b64c45]" name="enterTest" duration-ms="938" started-at="2017-10-19T19:29:10Z" data-provider="test1" finished-at="2017-10-19T19:29:11Z">
          <params>
            <param index="0">
              <value>
                <![CDATA[[Ljava.lang.String;@8297b3a]]>
              </value>
            </param>
          </params>
          <reporter-output>
          </reporter-output>
        </test-method> <!-- enterTest -->
        <test-method status="PASS" signature="setUp()[pri:0, instance:home.crypto.AppTest@67b64c45]" name="setUp" is-config="true" duration-ms="3" started-at="2017-10-19T19:29:11Z" finished-at="2017-10-19T19:29:11Z">
          <reporter-output>
          </reporter-output>
        </test-method> <!-- setUp -->
        <test-method status="PASS" signature="feeTest([Ljava.lang.String;)[pri:0, instance:home.crypto.AppTest@67b64c45]" name="feeTest" duration-ms="466" started-at="2017-10-19T19:29:11Z" data-provider="test1" finished-at="2017-10-19T19:29:11Z">
          <params>
            <param index="0">
              <value>
                <![CDATA[[Ljava.lang.String;@2362f559]]>
              </value>
            </param>
          </params>
          <reporter-output>
          </reporter-output>
        </test-method> <!-- feeTest -->
      </class> <!-- home.crypto.AppTest -->
    </test> <!-- Command line test -->
  </suite> <!-- home.crypto.AppTest -->
</testng-results>
